<?xml version="1.0" encoding="UTF-8"?>
<testsuite xmlns:xsi="http://www.w3.org/2001/XMLSchema-instance" xsi:noNamespaceSchemaLocation="https://maven.apache.org/surefire/maven-surefire-plugin/xsd/surefire-test-report.xsd" name="cn.guzx.springbootStudy.SpringbootStudyApplicationTests" time="10.934" tests="2" errors="0" skipped="0" failures="0">
  <properties>
    <property name="sun.desktop" value="windows"/>
    <property name="awt.toolkit" value="sun.awt.windows.WToolkit"/>
    <property name="file.encoding.pkg" value="sun.io"/>
    <property name="java.specification.version" value="1.8"/>
    <property name="sun.cpu.isalist" value="amd64"/>
    <property name="sun.jnu.encoding" value="GBK"/>
    <property name="java.class.path" value="F:\Git_Repositories\springbootStudy\target\test-classes;F:\Git_Repositories\springbootStudy\target\classes;F:\Maven_Repositories\org\springframework\boot\spring-boot-starter-web\2.4.2\spring-boot-starter-web-2.4.2.jar;F:\Maven_Repositories\org\springframework\boot\spring-boot-starter\2.4.2\spring-boot-starter-2.4.2.jar;F:\Maven_Repositories\org\springframework\boot\spring-boot\2.4.2\spring-boot-2.4.2.jar;F:\Maven_Repositories\org\springframework\boot\spring-boot-autoconfigure\2.4.2\spring-boot-autoconfigure-2.4.2.jar;F:\Maven_Repositories\org\springframework\boot\spring-boot-starter-logging\2.4.2\spring-boot-starter-logging-2.4.2.jar;F:\Maven_Repositories\ch\qos\logback\logback-classic\1.2.3\logback-classic-1.2.3.jar;F:\Maven_Repositories\ch\qos\logback\logback-core\1.2.3\logback-core-1.2.3.jar;F:\Maven_Repositories\org\apache\logging\log4j\log4j-to-slf4j\2.13.3\log4j-to-slf4j-2.13.3.jar;F:\Maven_Repositories\org\apache\logging\log4j\log4j-api\2.13.3\log4j-api-2.13.3.jar;F:\Maven_Repositories\org\slf4j\jul-to-slf4j\1.7.30\jul-to-slf4j-1.7.30.jar;F:\Maven_Repositories\jakarta\annotation\jakarta.annotation-api\1.3.5\jakarta.annotation-api-1.3.5.jar;F:\Maven_Repositories\org\yaml\snakeyaml\1.27\snakeyaml-1.27.jar;F:\Maven_Repositories\org\springframework\boot\spring-boot-starter-json\2.4.2\spring-boot-starter-json-2.4.2.jar;F:\Maven_Repositories\com\fasterxml\jackson\core\jackson-databind\2.11.4\jackson-databind-2.11.4.jar;F:\Maven_Repositories\com\fasterxml\jackson\core\jackson-annotations\2.11.4\jackson-annotations-2.11.4.jar;F:\Maven_Repositories\com\fasterxml\jackson\core\jackson-core\2.11.4\jackson-core-2.11.4.jar;F:\Maven_Repositories\com\fasterxml\jackson\datatype\jackson-datatype-jdk8\2.11.4\jackson-datatype-jdk8-2.11.4.jar;F:\Maven_Repositories\com\fasterxml\jackson\datatype\jackson-datatype-jsr310\2.11.4\jackson-datatype-jsr310-2.11.4.jar;F:\Maven_Repositories\com\fasterxml\jackson\module\jackson-module-parameter-names\2.11.4\jackson-module-parameter-names-2.11.4.jar;F:\Maven_Repositories\org\springframework\boot\spring-boot-starter-tomcat\2.4.2\spring-boot-starter-tomcat-2.4.2.jar;F:\Maven_Repositories\org\apache\tomcat\embed\tomcat-embed-core\9.0.41\tomcat-embed-core-9.0.41.jar;F:\Maven_Repositories\org\apache\tomcat\embed\tomcat-embed-websocket\9.0.41\tomcat-embed-websocket-9.0.41.jar;F:\Maven_Repositories\org\springframework\spring-web\5.3.3\spring-web-5.3.3.jar;F:\Maven_Repositories\org\springframework\spring-beans\5.3.3\spring-beans-5.3.3.jar;F:\Maven_Repositories\org\springframework\spring-webmvc\5.3.3\spring-webmvc-5.3.3.jar;F:\Maven_Repositories\org\springframework\spring-aop\5.3.3\spring-aop-5.3.3.jar;F:\Maven_Repositories\org\springframework\spring-context\5.3.3\spring-context-5.3.3.jar;F:\Maven_Repositories\org\springframework\spring-expression\5.3.3\spring-expression-5.3.3.jar;F:\Maven_Repositories\org\springframework\boot\spring-boot-starter-test\2.4.2\spring-boot-starter-test-2.4.2.jar;F:\Maven_Repositories\org\springframework\boot\spring-boot-test\2.4.2\spring-boot-test-2.4.2.jar;F:\Maven_Repositories\org\springframework\boot\spring-boot-test-autoconfigure\2.4.2\spring-boot-test-autoconfigure-2.4.2.jar;F:\Maven_Repositories\com\jayway\jsonpath\json-path\2.4.0\json-path-2.4.0.jar;F:\Maven_Repositories\net\minidev\json-smart\2.3\json-smart-2.3.jar;F:\Maven_Repositories\net\minidev\accessors-smart\1.2\accessors-smart-1.2.jar;F:\Maven_Repositories\org\ow2\asm\asm\5.0.4\asm-5.0.4.jar;F:\Maven_Repositories\org\slf4j\slf4j-api\1.7.30\slf4j-api-1.7.30.jar;F:\Maven_Repositories\jakarta\xml\bind\jakarta.xml.bind-api\2.3.3\jakarta.xml.bind-api-2.3.3.jar;F:\Maven_Repositories\jakarta\activation\jakarta.activation-api\1.2.2\jakarta.activation-api-1.2.2.jar;F:\Maven_Repositories\org\assertj\assertj-core\3.18.1\assertj-core-3.18.1.jar;F:\Maven_Repositories\org\hamcrest\hamcrest\2.2\hamcrest-2.2.jar;F:\Maven_Repositories\org\junit\jupiter\junit-jupiter\5.7.0\junit-jupiter-5.7.0.jar;F:\Maven_Repositories\org\junit\jupiter\junit-jupiter-api\5.7.0\junit-jupiter-api-5.7.0.jar;F:\Maven_Repositories\org\apiguardian\apiguardian-api\1.1.0\apiguardian-api-1.1.0.jar;F:\Maven_Repositories\org\opentest4j\opentest4j\1.2.0\opentest4j-1.2.0.jar;F:\Maven_Repositories\org\junit\platform\junit-platform-commons\1.7.0\junit-platform-commons-1.7.0.jar;F:\Maven_Repositories\org\junit\jupiter\junit-jupiter-params\5.7.0\junit-jupiter-params-5.7.0.jar;F:\Maven_Repositories\org\junit\jupiter\junit-jupiter-engine\5.7.0\junit-jupiter-engine-5.7.0.jar;F:\Maven_Repositories\org\junit\platform\junit-platform-engine\1.7.0\junit-platform-engine-1.7.0.jar;F:\Maven_Repositories\org\mockito\mockito-core\3.6.28\mockito-core-3.6.28.jar;F:\Maven_Repositories\net\bytebuddy\byte-buddy\1.10.19\byte-buddy-1.10.19.jar;F:\Maven_Repositories\net\bytebuddy\byte-buddy-agent\1.10.19\byte-buddy-agent-1.10.19.jar;F:\Maven_Repositories\org\objenesis\objenesis\3.1\objenesis-3.1.jar;F:\Maven_Repositories\org\mockito\mockito-junit-jupiter\3.6.28\mockito-junit-jupiter-3.6.28.jar;F:\Maven_Repositories\org\skyscreamer\jsonassert\1.5.0\jsonassert-1.5.0.jar;F:\Maven_Repositories\com\vaadin\external\google\android-json\0.0.20131108.vaadin1\android-json-0.0.20131108.vaadin1.jar;F:\Maven_Repositories\org\springframework\spring-core\5.3.3\spring-core-5.3.3.jar;F:\Maven_Repositories\org\springframework\spring-jcl\5.3.3\spring-jcl-5.3.3.jar;F:\Maven_Repositories\org\springframework\spring-test\5.3.3\spring-test-5.3.3.jar;F:\Maven_Repositories\org\xmlunit\xmlunit-core\2.7.0\xmlunit-core-2.7.0.jar;F:\Maven_Repositories\org\springframework\boot\spring-boot-configuration-processor\2.4.2\spring-boot-configuration-processor-2.4.2.jar;F:\Maven_Repositories\org\springframework\boot\spring-boot-starter-validation\2.4.2\spring-boot-starter-validation-2.4.2.jar;F:\Maven_Repositories\org\glassfish\jakarta.el\3.0.3\jakarta.el-3.0.3.jar;F:\Maven_Repositories\org\hibernate\validator\hibernate-validator\6.1.7.Final\hibernate-validator-6.1.7.Final.jar;F:\Maven_Repositories\jakarta\validation\jakarta.validation-api\2.0.2\jakarta.validation-api-2.0.2.jar;F:\Maven_Repositories\org\jboss\logging\jboss-logging\3.4.1.Final\jboss-logging-3.4.1.Final.jar;F:\Maven_Repositories\com\fasterxml\classmate\1.5.1\classmate-1.5.1.jar;"/>
    <property name="java.vm.vendor" value="Oracle Corporation"/>
    <property name="sun.arch.data.model" value="64"/>
    <property name="user.variant" value=""/>
    <property name="java.vendor.url" value="http://java.oracle.com/"/>
    <property name="user.timezone" value="Asia/Shanghai"/>
    <property name="java.vm.specification.version" value="1.8"/>
    <property name="os.name" value="Windows 10"/>
    <property name="user.country" value="CN"/>
    <property name="sun.java.launcher" value="SUN_STANDARD"/>
    <property name="sun.boot.library.path" value="C:\Program Files\Java\jdk1.8.0_231\jre\bin"/>
    <property name="sun.java.command" value="C:\Users\ADMINI~1\AppData\Local\Temp\surefire3030048067790865158\surefirebooter3780240845868848947.jar C:\Users\Administrator\AppData\Local\Temp\surefire3030048067790865158 2021-01-28T10-38-32_951-jvmRun1 surefire2534722190137574093tmp surefire_0874031330798300685tmp"/>
    <property name="surefire.test.class.path" value="F:\Git_Repositories\springbootStudy\target\test-classes;F:\Git_Repositories\springbootStudy\target\classes;F:\Maven_Repositories\org\springframework\boot\spring-boot-starter-web\2.4.2\spring-boot-starter-web-2.4.2.jar;F:\Maven_Repositories\org\springframework\boot\spring-boot-starter\2.4.2\spring-boot-starter-2.4.2.jar;F:\Maven_Repositories\org\springframework\boot\spring-boot\2.4.2\spring-boot-2.4.2.jar;F:\Maven_Repositories\org\springframework\boot\spring-boot-autoconfigure\2.4.2\spring-boot-autoconfigure-2.4.2.jar;F:\Maven_Repositories\org\springframework\boot\spring-boot-starter-logging\2.4.2\spring-boot-starter-logging-2.4.2.jar;F:\Maven_Repositories\ch\qos\logback\logback-classic\1.2.3\logback-classic-1.2.3.jar;F:\Maven_Repositories\ch\qos\logback\logback-core\1.2.3\logback-core-1.2.3.jar;F:\Maven_Repositories\org\apache\logging\log4j\log4j-to-slf4j\2.13.3\log4j-to-slf4j-2.13.3.jar;F:\Maven_Repositories\org\apache\logging\log4j\log4j-api\2.13.3\log4j-api-2.13.3.jar;F:\Maven_Repositories\org\slf4j\jul-to-slf4j\1.7.30\jul-to-slf4j-1.7.30.jar;F:\Maven_Repositories\jakarta\annotation\jakarta.annotation-api\1.3.5\jakarta.annotation-api-1.3.5.jar;F:\Maven_Repositories\org\yaml\snakeyaml\1.27\snakeyaml-1.27.jar;F:\Maven_Repositories\org\springframework\boot\spring-boot-starter-json\2.4.2\spring-boot-starter-json-2.4.2.jar;F:\Maven_Repositories\com\fasterxml\jackson\core\jackson-databind\2.11.4\jackson-databind-2.11.4.jar;F:\Maven_Repositories\com\fasterxml\jackson\core\jackson-annotations\2.11.4\jackson-annotations-2.11.4.jar;F:\Maven_Repositories\com\fasterxml\jackson\core\jackson-core\2.11.4\jackson-core-2.11.4.jar;F:\Maven_Repositories\com\fasterxml\jackson\datatype\jackson-datatype-jdk8\2.11.4\jackson-datatype-jdk8-2.11.4.jar;F:\Maven_Repositories\com\fasterxml\jackson\datatype\jackson-datatype-jsr310\2.11.4\jackson-datatype-jsr310-2.11.4.jar;F:\Maven_Repositories\com\fasterxml\jackson\module\jackson-module-parameter-names\2.11.4\jackson-module-parameter-names-2.11.4.jar;F:\Maven_Repositories\org\springframework\boot\spring-boot-starter-tomcat\2.4.2\spring-boot-starter-tomcat-2.4.2.jar;F:\Maven_Repositories\org\apache\tomcat\embed\tomcat-embed-core\9.0.41\tomcat-embed-core-9.0.41.jar;F:\Maven_Repositories\org\apache\tomcat\embed\tomcat-embed-websocket\9.0.41\tomcat-embed-websocket-9.0.41.jar;F:\Maven_Repositories\org\springframework\spring-web\5.3.3\spring-web-5.3.3.jar;F:\Maven_Repositories\org\springframework\spring-beans\5.3.3\spring-beans-5.3.3.jar;F:\Maven_Repositories\org\springframework\spring-webmvc\5.3.3\spring-webmvc-5.3.3.jar;F:\Maven_Repositories\org\springframework\spring-aop\5.3.3\spring-aop-5.3.3.jar;F:\Maven_Repositories\org\springframework\spring-context\5.3.3\spring-context-5.3.3.jar;F:\Maven_Repositories\org\springframework\spring-expression\5.3.3\spring-expression-5.3.3.jar;F:\Maven_Repositories\org\springframework\boot\spring-boot-starter-test\2.4.2\spring-boot-starter-test-2.4.2.jar;F:\Maven_Repositories\org\springframework\boot\spring-boot-test\2.4.2\spring-boot-test-2.4.2.jar;F:\Maven_Repositories\org\springframework\boot\spring-boot-test-autoconfigure\2.4.2\spring-boot-test-autoconfigure-2.4.2.jar;F:\Maven_Repositories\com\jayway\jsonpath\json-path\2.4.0\json-path-2.4.0.jar;F:\Maven_Repositories\net\minidev\json-smart\2.3\json-smart-2.3.jar;F:\Maven_Repositories\net\minidev\accessors-smart\1.2\accessors-smart-1.2.jar;F:\Maven_Repositories\org\ow2\asm\asm\5.0.4\asm-5.0.4.jar;F:\Maven_Repositories\org\slf4j\slf4j-api\1.7.30\slf4j-api-1.7.30.jar;F:\Maven_Repositories\jakarta\xml\bind\jakarta.xml.bind-api\2.3.3\jakarta.xml.bind-api-2.3.3.jar;F:\Maven_Repositories\jakarta\activation\jakarta.activation-api\1.2.2\jakarta.activation-api-1.2.2.jar;F:\Maven_Repositories\org\assertj\assertj-core\3.18.1\assertj-core-3.18.1.jar;F:\Maven_Repositories\org\hamcrest\hamcrest\2.2\hamcrest-2.2.jar;F:\Maven_Repositories\org\junit\jupiter\junit-jupiter\5.7.0\junit-jupiter-5.7.0.jar;F:\Maven_Repositories\org\junit\jupiter\junit-jupiter-api\5.7.0\junit-jupiter-api-5.7.0.jar;F:\Maven_Repositories\org\apiguardian\apiguardian-api\1.1.0\apiguardian-api-1.1.0.jar;F:\Maven_Repositories\org\opentest4j\opentest4j\1.2.0\opentest4j-1.2.0.jar;F:\Maven_Repositories\org\junit\platform\junit-platform-commons\1.7.0\junit-platform-commons-1.7.0.jar;F:\Maven_Repositories\org\junit\jupiter\junit-jupiter-params\5.7.0\junit-jupiter-params-5.7.0.jar;F:\Maven_Repositories\org\junit\jupiter\junit-jupiter-engine\5.7.0\junit-jupiter-engine-5.7.0.jar;F:\Maven_Repositories\org\junit\platform\junit-platform-engine\1.7.0\junit-platform-engine-1.7.0.jar;F:\Maven_Repositories\org\mockito\mockito-core\3.6.28\mockito-core-3.6.28.jar;F:\Maven_Repositories\net\bytebuddy\byte-buddy\1.10.19\byte-buddy-1.10.19.jar;F:\Maven_Repositories\net\bytebuddy\byte-buddy-agent\1.10.19\byte-buddy-agent-1.10.19.jar;F:\Maven_Repositories\org\objenesis\objenesis\3.1\objenesis-3.1.jar;F:\Maven_Repositories\org\mockito\mockito-junit-jupiter\3.6.28\mockito-junit-jupiter-3.6.28.jar;F:\Maven_Repositories\org\skyscreamer\jsonassert\1.5.0\jsonassert-1.5.0.jar;F:\Maven_Repositories\com\vaadin\external\google\android-json\0.0.20131108.vaadin1\android-json-0.0.20131108.vaadin1.jar;F:\Maven_Repositories\org\springframework\spring-core\5.3.3\spring-core-5.3.3.jar;F:\Maven_Repositories\org\springframework\spring-jcl\5.3.3\spring-jcl-5.3.3.jar;F:\Maven_Repositories\org\springframework\spring-test\5.3.3\spring-test-5.3.3.jar;F:\Maven_Repositories\org\xmlunit\xmlunit-core\2.7.0\xmlunit-core-2.7.0.jar;F:\Maven_Repositories\org\springframework\boot\spring-boot-configuration-processor\2.4.2\spring-boot-configuration-processor-2.4.2.jar;F:\Maven_Repositories\org\springframework\boot\spring-boot-starter-validation\2.4.2\spring-boot-starter-validation-2.4.2.jar;F:\Maven_Repositories\org\glassfish\jakarta.el\3.0.3\jakarta.el-3.0.3.jar;F:\Maven_Repositories\org\hibernate\validator\hibernate-validator\6.1.7.Final\hibernate-validator-6.1.7.Final.jar;F:\Maven_Repositories\jakarta\validation\jakarta.validation-api\2.0.2\jakarta.validation-api-2.0.2.jar;F:\Maven_Repositories\org\jboss\logging\jboss-logging\3.4.1.Final\jboss-logging-3.4.1.Final.jar;F:\Maven_Repositories\com\fasterxml\classmate\1.5.1\classmate-1.5.1.jar;"/>
    <property name="sun.cpu.endian" value="little"/>
    <property name="user.home" value="C:\Users\Administrator"/>
    <property name="user.language" value="zh"/>
    <property name="java.specification.vendor" value="Oracle Corporation"/>
    <property name="java.home" value="C:\Program Files\Java\jdk1.8.0_231\jre"/>
    <property name="basedir" value="F:\Git_Repositories\springbootStudy"/>
    <property name="file.separator" value="\"/>
    <property name="line.separator" value="&#10;"/>
    <property name="java.vm.specification.vendor" value="Oracle Corporation"/>
    <property name="java.specification.name" value="Java Platform API Specification"/>
    <property name="java.awt.graphicsenv" value="sun.awt.Win32GraphicsEnvironment"/>
    <property name="surefire.real.class.path" value="C:\Users\ADMINI~1\AppData\Local\Temp\surefire3030048067790865158\surefirebooter3780240845868848947.jar"/>
    <property name="sun.boot.class.path" value="C:\Program Files\Java\jdk1.8.0_231\jre\lib\resources.jar;C:\Program Files\Java\jdk1.8.0_231\jre\lib\rt.jar;C:\Program Files\Java\jdk1.8.0_231\jre\lib\sunrsasign.jar;C:\Program Files\Java\jdk1.8.0_231\jre\lib\jsse.jar;C:\Program Files\Java\jdk1.8.0_231\jre\lib\jce.jar;C:\Program Files\Java\jdk1.8.0_231\jre\lib\charsets.jar;C:\Program Files\Java\jdk1.8.0_231\jre\lib\jfr.jar;C:\Program Files\Java\jdk1.8.0_231\jre\classes"/>
    <property name="user.script" value=""/>
    <property name="sun.management.compiler" value="HotSpot 64-Bit Tiered Compilers"/>
    <property name="java.runtime.version" value="1.8.0_231-b11"/>
    <property name="user.name" value="Administrator"/>
    <property name="path.separator" value=";"/>
    <property name="os.version" value="10.0"/>
    <property name="java.endorsed.dirs" value="C:\Program Files\Java\jdk1.8.0_231\jre\lib\endorsed"/>
    <property name="java.runtime.name" value="Java(TM) SE Runtime Environment"/>
    <property name="file.encoding" value="GBK"/>
    <property name="java.vm.name" value="Java HotSpot(TM) 64-Bit Server VM"/>
    <property name="localRepository" value="F:\Maven_Repositories"/>
    <property name="java.vendor.url.bug" value="http://bugreport.sun.com/bugreport/"/>
    <property name="java.io.tmpdir" value="C:\Users\ADMINI~1\AppData\Local\Temp\"/>
    <property name="java.version" value="1.8.0_231"/>
    <property name="user.dir" value="F:\Git_Repositories\springbootStudy"/>
    <property name="os.arch" value="amd64"/>
    <property name="java.vm.specification.name" value="Java Virtual Machine Specification"/>
    <property name="java.awt.printerjob" value="sun.awt.windows.WPrinterJob"/>
    <property name="sun.os.patch.level" value=""/>
    <property name="java.library.path" value="C:\Program Files\Java\jdk1.8.0_231\jre\bin;C:\WINDOWS\Sun\Java\bin;C:\WINDOWS\system32;C:\WINDOWS;D:\XManage\Xftp 6\;D:\XManage\Xshell 6\;D:\XManage\Xmanager 6\;C:\Program Files (x86)\Common Files\Oracle\Java\javapath;C:\Windows\system32;C:\Windows;C:\Windows\System32\Wbem;C:\Windows\System32\WindowsPowerShell\v1.0\;C:\Program Files (x86)\NVIDIA Corporation\PhysX\Common;C:\Program Files\Java\jdk1.8.0_231\bin;C:\Program Files\Java\jdk1.8.0_231\jre\bin;C:\Program Files (x86)\MySQL\MySQL Server 5.5\bin;D:\apache-maven-3.6.0\bin;D:\Python\Python37;C:\WINDOWS\system32;C:\WINDOWS;C:\WINDOWS\System32\Wbem;C:\WINDOWS\System32\WindowsPowerShell\v1.0\;C:\WINDOWS\System32\OpenSSH\;D:\erl-23.0\bin;D:\RabbitMQ Server\rabbitmq_server-3.8.5\sbin;C:\ProgramData\chocolatey\bin;C:\Program Files\TortoiseGit\bin;C:\Program Files\nodejs\;D:\svn\bin;D:\Git\cmd;D:\IntelliJ IDEA 2019.3.1\bin;C:\Users\Administrator\AppData\Local\BypassRuntm;D:\Microsoft VS Code\bin;D:\IntelliJ IDEA 2020.1.1\bin;;C:\Users\Administrator\AppData\Local\Microsoft\WindowsApps;D:\DataGrip 2020.1.3\bin;;D:\WebStorm 2019.2\bin;;D:\IntelliJ IDEA Community Edition 2020.2.3\bin;;D:\IntelliJ IDEA Educational Edition 2020.3\bin;;C:\Users\Administrator\AppData\Roaming\npm;."/>
    <property name="java.vm.info" value="mixed mode"/>
    <property name="java.vendor" value="Oracle Corporation"/>
    <property name="java.vm.version" value="25.231-b11"/>
    <property name="java.ext.dirs" value="C:\Program Files\Java\jdk1.8.0_231\jre\lib\ext;C:\WINDOWS\Sun\Java\lib\ext"/>
    <property name="sun.io.unicode.encoding" value="UnicodeLittle"/>
    <property name="java.class.version" value="52.0"/>
  </properties>
  <testcase name="contextLoads" classname="cn.guzx.springbootStudy.SpringbootStudyApplicationTests" time="1.045"/>
  <testcase name="testPerson" classname="cn.guzx.springbootStudy.SpringbootStudyApplicationTests" time="0.013"/>
</testsuite>